<?xml version="1.0" encoding="UTF-8"?>
<!-- Generated by org.testng.reporters.JUnitReportReporter -->
<testsuite hostname="DESKTOP-4JMMJ4A" failures="0" tests="3" name="testNGKeywords.Enabled_use" time="0.014" errors="0" timestamp="2022-06-14T01:31:41 IST" skipped="0">
  <testcase classname="testNGKeywords.Enabled_use" name="D" time="0.005"/>
  <system-out>
    <![CDATA[D is running]]>
  </system-out>
  <testcase classname="testNGKeywords.Enabled_use" name="B" time="0.006"/>
  <system-out>
    <![CDATA[B is running]]>
  </system-out>
  <testcase classname="testNGKeywords.Enabled_use" name="C" time="0.003"/>
  <system-out>
    <![CDATA[C is running]]>
  </system-out>
</testsuite> <!-- testNGKeywords.Enabled_use -->
