<?xml version="1.0" encoding="UTF-8"?>
<!-- Generated by org.testng.reporters.JUnitReportReporter -->
<testsuite hostname="DESKTOP-4JMMJ4A" failures="0" tests="3" name="testNGKeywords.without_priority" time="0.034" errors="0" timestamp="2022-06-19T14:43:42 IST" skipped="0">
  <testcase classname="testNGKeywords.without_priority" name="a" time="0.028"/>
  <system-out>
    <![CDATA[a is running]]>
  </system-out>
  <testcase classname="testNGKeywords.without_priority" name="c" time="0.003"/>
  <system-out>
    <![CDATA[c is running]]>
  </system-out>
  <testcase classname="testNGKeywords.without_priority" name="b" time="0.003"/>
  <system-out>
    <![CDATA[b is running]]>
  </system-out>
</testsuite> <!-- testNGKeywords.without_priority -->
