<?xml version="1.0" encoding="UTF-8"?>
<!-- Generated by org.testng.reporters.JUnitReportReporter -->
<testsuite hostname="DESKTOP-4JMMJ4A" failures="0" tests="4" name="testNGKeywords.Priority_use" time="0.038" errors="0" timestamp="2022-06-19T14:22:37 IST" skipped="0">
  <testcase classname="testNGKeywords.Priority_use" name="D" time="0.003"/>
  <system-out>
    <![CDATA[D is running]]>
  </system-out>
  <testcase classname="testNGKeywords.Priority_use" name="C" time="0.027"/>
  <system-out>
    <![CDATA[C is running]]>
  </system-out>
  <testcase classname="testNGKeywords.Priority_use" name="B" time="0.003"/>
  <system-out>
    <![CDATA[B is running]]>
  </system-out>
  <testcase classname="testNGKeywords.Priority_use" name="A" time="0.005"/>
  <system-out>
    <![CDATA[A is running]]>
  </system-out>
</testsuite> <!-- testNGKeywords.Priority_use -->
