<?xml version="1.0" encoding="UTF-8"?>
<!-- Generated by org.testng.reporters.JUnitReportReporter -->
<testsuite hostname="DESKTOP-4JMMJ4A" failures="0" tests="1" name="kiteappTESTclas.KiteUNtestusingPROPERTY" time="4.240" errors="0" timestamp="2022-06-23T16:14:24 IST" skipped="0">
  <testcase classname="kiteappTESTclas.KiteUNtestusingPROPERTY" name="validateusername" time="4.240"/>
  <system-out>
    <![CDATA[exp userID and act userID are matching, tc is passed]]>
  </system-out>
</testsuite> <!-- kiteappTESTclas.KiteUNtestusingPROPERTY -->
