<?xml version="1.0" encoding="UTF-8"?>
<!-- Generated by org.testng.reporters.JUnitReportReporter -->
<testsuite hostname="DESKTOP-4JMMJ4A" failures="0" tests="4" name="testNGKeywords.Timeout_use" time="0.039" errors="0" timestamp="2022-06-13T15:52:20 IST" skipped="0">
  <testcase classname="testNGKeywords.Timeout_use" name="C" time="0.004"/>
  <system-out>
    <![CDATA[C is running]]>
  </system-out>
  <testcase classname="testNGKeywords.Timeout_use" name="D" time="0.015"/>
  <system-out>
    <![CDATA[D is running]]>
  </system-out>
  <testcase classname="testNGKeywords.Timeout_use" name="A" time="0.017"/>
  <system-out>
    <![CDATA[A is running]]>
  </system-out>
  <testcase classname="testNGKeywords.Timeout_use" name="B" time="0.003"/>
  <system-out>
    <![CDATA[B is running]]>
  </system-out>
</testsuite> <!-- testNGKeywords.Timeout_use -->
