<?xml version="1.0" encoding="UTF-8"?>
<!-- Generated by org.testng.reporters.JUnitReportReporter -->
<testsuite hostname="DESKTOP-4JMMJ4A" failures="0" tests="3" name="xmlstudy.Mytest" time="0.034" errors="0" timestamp="2022-06-16T02:19:30 IST" skipped="0">
  <testcase classname="xmlstudy.Mytest" name="mymethod3" time="0.003"/>
  <system-out>
    <![CDATA[my method 3 is running]]>
  </system-out>
  <testcase classname="xmlstudy.Mytest" name="mymethod5" time="0.004"/>
  <system-out>
    <![CDATA[my method 5 is running]]>
  </system-out>
  <testcase classname="xmlstudy.Mytest" name="mymethod1" time="0.027"/>
  <system-out>
    <![CDATA[my method1 is rnning]]>
  </system-out>
</testsuite> <!-- xmlstudy.Mytest -->
