<?xml version="1.0" encoding="UTF-8"?>
<!-- Generated by org.testng.reporters.JUnitReportReporter -->
<testsuite hostname="DESKTOP-4JMMJ4A" failures="0" tests="5" name="xmlstudy.Mytest4" time="0.045" errors="0" timestamp="2022-06-16T18:03:33 IST" skipped="0">
  <testcase classname="xmlstudy.Mytest4" name="mymethod10" time="0.023"/>
  <system-out>
    <![CDATA[mymethod10 is running]]>
  </system-out>
  <testcase classname="xmlstudy.Mytest4" name="mymethod6" time="0.004"/>
  <system-out>
    <![CDATA[mymethod 6 regression is running]]>
  </system-out>
  <testcase classname="xmlstudy.Mytest4" name="mymethod9" time="0.009"/>
  <system-out>
    <![CDATA[mymethod9 is running]]>
  </system-out>
  <testcase classname="xmlstudy.Mytest4" name="mymethod8" time="0.006"/>
  <system-out>
    <![CDATA[mymethod8 is running]]>
  </system-out>
  <testcase classname="xmlstudy.Mytest4" name="mymethod7" time="0.003"/>
  <system-out>
    <![CDATA[mymethod7 sanity is running]]>
  </system-out>
</testsuite> <!-- xmlstudy.Mytest4 -->
