<?xml version="1.0" encoding="UTF-8"?>
<!-- Generated by org.testng.reporters.JUnitReportReporter -->
<testsuite hostname="DESKTOP-4JMMJ4A" failures="0" tests="2" name="testNGlistener.Mumbai" time="0.007" errors="0" timestamp="2022-06-25T23:14:01 IST" skipped="0">
  <testcase classname="testNGlistener.Mumbai" name="sanpada" time="0.004"/>
  <system-out>
    <![CDATA[sanpada tc is running]]>
  </system-out>
  <testcase classname="testNGlistener.Mumbai" name="ghansoli" time="0.003"/>
  <system-out>
    <![CDATA[ghansoli tc is running]]>
  </system-out>
</testsuite> <!-- testNGlistener.Mumbai -->
