<?xml version="1.0" encoding="UTF-8"?>
<!-- Generated by org.testng.reporters.JUnitReportReporter -->
<testsuite hostname="DESKTOP-4JMMJ4A" failures="0" tests="1" name="kiteappTESTclas.validaekiteuserID" time="6.802" errors="0" timestamp="2022-06-23T14:24:55 IST" skipped="0">
  <testcase classname="kiteappTESTclas.validaekiteuserID" name="validateusername" time="6.802"/>
  <system-out>
    <![CDATA[username are matching tc is passed]]>
  </system-out>
</testsuite> <!-- kiteappTESTclas.validaekiteuserID -->
