<?xml version="1.0" encoding="UTF-8"?>
<!-- Generated by org.testng.reporters.JUnitReportReporter -->
<testsuite hostname="DESKTOP-4JMMJ4A" failures="0" tests="3" name="testNGKeywords.Invocationcount_use" time="0.039" errors="0" timestamp="2022-06-19T13:53:57 IST" skipped="0">
  <testcase classname="testNGKeywords.Invocationcount_use" name="mymethod" time="0.011"/>
  <system-out>
    <![CDATA[my method is running]]>
  </system-out>
  <testcase classname="testNGKeywords.Invocationcount_use" name="mymethod" time="0.024"/>
  <system-out>
    <![CDATA[my method is running]]>
  </system-out>
  <testcase classname="testNGKeywords.Invocationcount_use" name="mymethod" time="0.004"/>
  <system-out>
    <![CDATA[my method is running]]>
  </system-out>
</testsuite> <!-- testNGKeywords.Invocationcount_use -->
