<?xml version="1.0" encoding="UTF-8"?>
<!-- Generated by org.testng.reporters.JUnitReportReporter -->
<testsuite hostname="DESKTOP-4JMMJ4A" failures="0" tests="5" name="xmlstudy.Mytest3" time="0.063" errors="0" timestamp="2022-06-16T17:52:07 IST" skipped="0">
  <testcase classname="xmlstudy.Mytest3" name="mymethod1" time="0.032"/>
  <system-out>
    <![CDATA[my method1 sanity is rnning]]>
  </system-out>
  <testcase classname="xmlstudy.Mytest3" name="mymethod2" time="0.000"/>
  <system-out>
    <![CDATA[my method2 is running]]>
  </system-out>
  <testcase classname="xmlstudy.Mytest3" name="mymethod5" time="0.016"/>
  <system-out>
    <![CDATA[my method 5 regression is running]]>
  </system-out>
  <testcase classname="xmlstudy.Mytest3" name="mymethod4" time="0.000"/>
  <system-out>
    <![CDATA[my method 4 is running]]>
  </system-out>
  <testcase classname="xmlstudy.Mytest3" name="mymethod3" time="0.015"/>
  <system-out>
    <![CDATA[my method 3  regression is running]]>
  </system-out>
</testsuite> <!-- xmlstudy.Mytest3 -->
